<?xml version="1.0" encoding="UTF-8"?>
<!-- Generated by org.testng.reporters.JUnitXMLReporter -->
<testsuite hostname="LAPTOP-LE02I758" ignored="0" name="Command line test" tests="2" failures="0" timestamp="2019-09-26T22:51:29 IST" time="56.579" errors="0">
  <testcase name="homePageTest" time="15.665" classname="com.test.mavenshot.testclasses.HomePageTest"/>
  <testcase name="testLogin" time="16.237" classname="com.test.mavenshot.testclasses.LoginTest"/>
</testsuite> <!-- Command line test -->
