<?xml version="1.0" encoding="UTF-8"?>
<!-- Generated by org.testng.reporters.JUnitXMLReporter -->
<testsuite hostname="LAPTOP-LE02I758" ignored="0" name="Command line test" tests="2" failures="0" timestamp="2019-09-27T11:07:05 IST" time="56.556" errors="0">
  <testcase name="homePageTest" time="18.151" classname="com.test.mavenshot.testclasses.HomePageTest"/>
  <testcase name="testLogin" time="13.423" classname="com.test.mavenshot.testclasses.LoginTest"/>
</testsuite> <!-- Command line test -->
