<?xml version="1.0" encoding="UTF-8"?>
<testng-results skipped="0" failed="0" ignored="0" total="2" passed="2">
  <reporter-output>
  </reporter-output>
  <suite name="Command line suite" duration-ms="56556" started-at="2019-09-27T11:06:08 IST" finished-at="2019-09-27T11:07:05 IST">
    <groups>
    </groups>
    <test name="Command line test" duration-ms="56556" started-at="2019-09-27T11:06:08 IST" finished-at="2019-09-27T11:07:05 IST">
      <class name="com.test.mavenshot.testclasses.HomePageTest">
        <test-method status="PASS" signature="initialize()[pri:0, instance:com.test.mavenshot.testclasses.HomePageTest@27efef64]" name="initialize" is-config="true" duration-ms="10775" started-at="2019-09-27T11:06:08 IST" finished-at="2019-09-27T11:06:19 IST">
          <reporter-output>
          </reporter-output>
        </test-method> <!-- initialize -->
        <test-method status="PASS" signature="homePageTest()[pri:0, instance:com.test.mavenshot.testclasses.HomePageTest@27efef64]" name="homePageTest" duration-ms="18151" started-at="2019-09-27T11:06:19 IST" finished-at="2019-09-27T11:06:37 IST">
          <reporter-output>
          </reporter-output>
        </test-method> <!-- homePageTest -->
        <test-method status="PASS" signature="tearDown()[pri:0, instance:com.test.mavenshot.testclasses.HomePageTest@27efef64]" name="tearDown" is-config="true" duration-ms="111" started-at="2019-09-27T11:06:37 IST" finished-at="2019-09-27T11:06:37 IST">
          <reporter-output>
          </reporter-output>
        </test-method> <!-- tearDown -->
      </class> <!-- com.test.mavenshot.testclasses.HomePageTest -->
      <class name="com.test.mavenshot.testclasses.LoginTest">
        <test-method status="PASS" signature="initialize()[pri:0, instance:com.test.mavenshot.testclasses.LoginTest@6f7fd0e6]" name="initialize" is-config="true" duration-ms="9612" started-at="2019-09-27T11:06:37 IST" finished-at="2019-09-27T11:06:47 IST">
          <reporter-output>
          </reporter-output>
        </test-method> <!-- initialize -->
        <test-method status="PASS" signature="testLogin()[pri:0, instance:com.test.mavenshot.testclasses.LoginTest@6f7fd0e6]" name="testLogin" duration-ms="13423" started-at="2019-09-27T11:06:47 IST" finished-at="2019-09-27T11:07:00 IST">
          <reporter-output>
          </reporter-output>
        </test-method> <!-- testLogin -->
        <test-method status="PASS" signature="tearDown()[pri:0, instance:com.test.mavenshot.testclasses.LoginTest@6f7fd0e6]" name="tearDown" is-config="true" duration-ms="4435" started-at="2019-09-27T11:07:00 IST" finished-at="2019-09-27T11:07:05 IST">
          <reporter-output>
          </reporter-output>
        </test-method> <!-- tearDown -->
      </class> <!-- com.test.mavenshot.testclasses.LoginTest -->
    </test> <!-- Command line test -->
  </suite> <!-- Command line suite -->
</testng-results>
