<?xml version="1.0" encoding="UTF-8"?>
<testng-results skipped="0" failed="0" ignored="0" total="2" passed="2">
  <reporter-output>
  </reporter-output>
  <suite name="Command line suite" duration-ms="56579" started-at="2019-09-26T22:50:32 IST" finished-at="2019-09-26T22:51:29 IST">
    <groups>
    </groups>
    <test name="Command line test" duration-ms="56579" started-at="2019-09-26T22:50:32 IST" finished-at="2019-09-26T22:51:29 IST">
      <class name="com.test.mavenshot.testclasses.HomePageTest">
        <test-method status="PASS" signature="initialize()[pri:0, instance:com.test.mavenshot.testclasses.HomePageTest@27efef64]" name="initialize" is-config="true" duration-ms="10536" started-at="2019-09-26T22:50:32 IST" finished-at="2019-09-26T22:50:43 IST">
          <reporter-output>
          </reporter-output>
        </test-method> <!-- initialize -->
        <test-method status="PASS" signature="homePageTest()[pri:0, instance:com.test.mavenshot.testclasses.HomePageTest@27efef64]" name="homePageTest" duration-ms="15665" started-at="2019-09-26T22:50:43 IST" finished-at="2019-09-26T22:50:58 IST">
          <reporter-output>
          </reporter-output>
        </test-method> <!-- homePageTest -->
        <test-method status="PASS" signature="tearDown()[pri:0, instance:com.test.mavenshot.testclasses.HomePageTest@27efef64]" name="tearDown" is-config="true" duration-ms="94" started-at="2019-09-26T22:50:58 IST" finished-at="2019-09-26T22:50:58 IST">
          <reporter-output>
          </reporter-output>
        </test-method> <!-- tearDown -->
      </class> <!-- com.test.mavenshot.testclasses.HomePageTest -->
      <class name="com.test.mavenshot.testclasses.LoginTest">
        <test-method status="PASS" signature="initialize()[pri:0, instance:com.test.mavenshot.testclasses.LoginTest@6f7fd0e6]" name="initialize" is-config="true" duration-ms="9636" started-at="2019-09-26T22:50:58 IST" finished-at="2019-09-26T22:51:08 IST">
          <reporter-output>
          </reporter-output>
        </test-method> <!-- initialize -->
        <test-method status="PASS" signature="testLogin()[pri:0, instance:com.test.mavenshot.testclasses.LoginTest@6f7fd0e6]" name="testLogin" duration-ms="16237" started-at="2019-09-26T22:51:08 IST" finished-at="2019-09-26T22:51:24 IST">
          <reporter-output>
          </reporter-output>
        </test-method> <!-- testLogin -->
        <test-method status="PASS" signature="tearDown()[pri:0, instance:com.test.mavenshot.testclasses.LoginTest@6f7fd0e6]" name="tearDown" is-config="true" duration-ms="4346" started-at="2019-09-26T22:51:24 IST" finished-at="2019-09-26T22:51:29 IST">
          <reporter-output>
          </reporter-output>
        </test-method> <!-- tearDown -->
      </class> <!-- com.test.mavenshot.testclasses.LoginTest -->
    </test> <!-- Command line test -->
  </suite> <!-- Command line suite -->
</testng-results>
