<?xml version="1.0" encoding="UTF-8"?>
<testng-results skipped="0" failed="0" ignored="0" total="2" passed="2">
  <reporter-output>
  </reporter-output>
  <suite name="Suite" duration-ms="48308" started-at="2019-09-26T12:09:04Z" finished-at="2019-09-26T12:09:52Z">
    <groups>
    </groups>
    <test name="TestHubspot" duration-ms="48308" started-at="2019-09-26T12:09:04Z" finished-at="2019-09-26T12:09:52Z">
      <class name="com.test.mavenshot.testclasses.HomePageTest">
        <test-method status="PASS" signature="initialize()[pri:0, instance:com.test.mavenshot.testclasses.HomePageTest@47c62251]" name="initialize" is-config="true" duration-ms="9369" started-at="2019-09-26T12:09:24Z" finished-at="2019-09-26T12:09:34Z">
          <reporter-output>
          </reporter-output>
        </test-method> <!-- initialize -->
        <test-method status="PASS" signature="homePageTest()[pri:0, instance:com.test.mavenshot.testclasses.HomePageTest@47c62251]" name="homePageTest" duration-ms="14069" started-at="2019-09-26T12:09:34Z" finished-at="2019-09-26T12:09:48Z">
          <reporter-output>
          </reporter-output>
        </test-method> <!-- homePageTest -->
        <test-method status="PASS" signature="tearDown()[pri:0, instance:com.test.mavenshot.testclasses.HomePageTest@47c62251]" name="tearDown" is-config="true" duration-ms="4349" started-at="2019-09-26T12:09:48Z" finished-at="2019-09-26T12:09:52Z">
          <reporter-output>
          </reporter-output>
        </test-method> <!-- tearDown -->
      </class> <!-- com.test.mavenshot.testclasses.HomePageTest -->
      <class name="com.test.mavenshot.testclasses.LoginTest">
        <test-method status="PASS" signature="initialize()[pri:0, instance:com.test.mavenshot.testclasses.LoginTest@6f7fd0e6]" name="initialize" is-config="true" duration-ms="10102" started-at="2019-09-26T12:09:04Z" finished-at="2019-09-26T12:09:14Z">
          <reporter-output>
          </reporter-output>
        </test-method> <!-- initialize -->
        <test-method status="PASS" signature="testLogin()[pri:0, instance:com.test.mavenshot.testclasses.LoginTest@6f7fd0e6]" name="testLogin" duration-ms="10241" started-at="2019-09-26T12:09:14Z" finished-at="2019-09-26T12:09:24Z">
          <reporter-output>
          </reporter-output>
        </test-method> <!-- testLogin -->
        <test-method status="PASS" signature="tearDown()[pri:0, instance:com.test.mavenshot.testclasses.LoginTest@6f7fd0e6]" name="tearDown" is-config="true" duration-ms="150" started-at="2019-09-26T12:09:24Z" finished-at="2019-09-26T12:09:24Z">
          <reporter-output>
          </reporter-output>
        </test-method> <!-- tearDown -->
      </class> <!-- com.test.mavenshot.testclasses.LoginTest -->
    </test> <!-- TestHubspot -->
  </suite> <!-- Suite -->
</testng-results>
